24/11/2014 23:31:24 (Std) 	+-+-+-+-+-+-+-+-+-+-+-+-+-+-+-+-+-+-+-+-+-+-+-+-+-+-+-+-+-+-+-+-+-+-+-+-+-+-+-+
24/11/2014 23:31:24 (Std) 	+                     Crazy Eddie's GUI System - Event log                    +
24/11/2014 23:31:24 (Std) 	+                          (http://www.cegui.org.uk/)                         +
24/11/2014 23:31:24 (Std) 	+-+-+-+-+-+-+-+-+-+-+-+-+-+-+-+-+-+-+-+-+-+-+-+-+-+-+-+-+-+-+-+-+-+-+-+-+-+-+-+

24/11/2014 23:31:24 (Std) 	CEGUI::Logger singleton created. (0x202e500)
24/11/2014 23:31:24 (Std) 	
24/11/2014 23:31:24 (Std) 	********************************************************************************
24/11/2014 23:31:24 (Std) 	* Important:                                                                   *
24/11/2014 23:31:24 (Std) 	*     To get support at the CEGUI forums, you must post _at least_ the section *
24/11/2014 23:31:24 (Std) 	*     of this log file indicated below.  Failure to do this will result in no  *
24/11/2014 23:31:24 (Std) 	*     support being given; please do not waste our time.                       *
24/11/2014 23:31:24 (Std) 	********************************************************************************
24/11/2014 23:31:24 (Std) 	********************************************************************************
24/11/2014 23:31:24 (Std) 	* -------- START OF ESSENTIAL SECTION TO BE POSTED ON THE FORUM       -------- *
24/11/2014 23:31:24 (Std) 	********************************************************************************
24/11/2014 23:31:24 (Std) 	---- Version 0.7.6 (Build: Jan  2 2014 GNU/Linux g++ 4.8.2 64 bit) ----
24/11/2014 23:31:24 (Std) 	---- Renderer module is: CEGUI::OgreRenderer - Official OGRE based 2nd generation renderer module. ----
24/11/2014 23:31:24 (Std) 	---- XML Parser module is: CEGUI::TinyXMLParser - Official tinyXML based parser module for CEGUI ----
24/11/2014 23:31:24 (Std) 	---- Image Codec module is: OgreImageCodec - Integrated ImageCodec using the Ogre engine. ----
24/11/2014 23:31:24 (Std) 	---- Scripting module is: None ----
24/11/2014 23:31:24 (Std) 	********************************************************************************
24/11/2014 23:31:24 (Std) 	* -------- END OF ESSENTIAL SECTION TO BE POSTED ON THE FORUM         -------- *
24/11/2014 23:31:24 (Std) 	********************************************************************************
24/11/2014 23:31:24 (Std) 	
24/11/2014 23:31:24 (Std) 	---- Begining CEGUI System initialisation ----
24/11/2014 23:31:24 (Std) 	CEGUI::ImagesetManager singleton created (0x202f280)
24/11/2014 23:31:24 (Std) 	CEGUI::FontManager singleton created. (0x2030160)
24/11/2014 23:31:24 (Std) 	CEGUI::WindowFactoryManager singleton created
24/11/2014 23:31:24 (Std) 	CEGUI::WindowManager singleton created (0x2030330)
24/11/2014 23:31:24 (Std) 	CEGUI::SchemeManager singleton created. (0x20303d0)
24/11/2014 23:31:24 (Std) 	CEGUI::MouseCursor singleton created. (0x2030500)
24/11/2014 23:31:24 (Std) 	CEGUI::GlobalEventSet singleton created. (0x2030650)
24/11/2014 23:31:24 (Std) 	CEGUI::AnimationManager singleton created (0x202f3b0)
24/11/2014 23:31:24 (Std) 	CEGUI::WidgetLookManager singleton created. (0x202f5a0)
24/11/2014 23:31:24 (Std) 	CEGUI::WindowRendererManager singleton created (0x2032d00)
24/11/2014 23:31:24 (Std) 	CEGUI::RenderEffectManager singleton created (0x202df70)
24/11/2014 23:31:24 (Std) 	Created WindowFactory for 'DefaultWindow' windows.
24/11/2014 23:31:24 (Std) 	WindowFactory for 'DefaultWindow' windows added. (0x2034270)
24/11/2014 23:31:24 (Std) 	Created WindowFactory for 'DragContainer' windows.
24/11/2014 23:31:24 (Std) 	WindowFactory for 'DragContainer' windows added. (0x2034330)
24/11/2014 23:31:24 (Std) 	Created WindowFactory for 'ScrolledContainer' windows.
24/11/2014 23:31:24 (Std) 	WindowFactory for 'ScrolledContainer' windows added. (0x20345e0)
24/11/2014 23:31:24 (Std) 	Created WindowFactory for 'ClippedContainer' windows.
24/11/2014 23:31:24 (Std) 	WindowFactory for 'ClippedContainer' windows added. (0x2034780)
24/11/2014 23:31:24 (Std) 	Created WindowFactory for 'CEGUI/Checkbox' windows.
24/11/2014 23:31:24 (Std) 	WindowFactory for 'CEGUI/Checkbox' windows added. (0x2034920)
24/11/2014 23:31:24 (Std) 	Created WindowFactory for 'CEGUI/PushButton' windows.
24/11/2014 23:31:24 (Std) 	WindowFactory for 'CEGUI/PushButton' windows added. (0x2034ac0)
24/11/2014 23:31:24 (Std) 	Created WindowFactory for 'CEGUI/RadioButton' windows.
24/11/2014 23:31:24 (Std) 	WindowFactory for 'CEGUI/RadioButton' windows added. (0x2034b80)
24/11/2014 23:31:24 (Std) 	Created WindowFactory for 'CEGUI/Combobox' windows.
24/11/2014 23:31:24 (Std) 	WindowFactory for 'CEGUI/Combobox' windows added. (0x2034e40)
24/11/2014 23:31:24 (Std) 	Created WindowFactory for 'CEGUI/ComboDropList' windows.
24/11/2014 23:31:24 (Std) 	WindowFactory for 'CEGUI/ComboDropList' windows added. (0x2034fe0)
24/11/2014 23:31:24 (Std) 	Created WindowFactory for 'CEGUI/Editbox' windows.
24/11/2014 23:31:24 (Std) 	WindowFactory for 'CEGUI/Editbox' windows added. (0x20352a0)
24/11/2014 23:31:24 (Std) 	Created WindowFactory for 'CEGUI/FrameWindow' windows.
24/11/2014 23:31:24 (Std) 	WindowFactory for 'CEGUI/FrameWindow' windows added. (0x2035440)
24/11/2014 23:31:24 (Std) 	Created WindowFactory for 'CEGUI/ItemEntry' windows.
24/11/2014 23:31:24 (Std) 	WindowFactory for 'CEGUI/ItemEntry' windows added. (0x20355e0)
24/11/2014 23:31:24 (Std) 	Created WindowFactory for 'CEGUI/Listbox' windows.
24/11/2014 23:31:24 (Std) 	WindowFactory for 'CEGUI/Listbox' windows added. (0x2035780)
24/11/2014 23:31:24 (Std) 	Created WindowFactory for 'CEGUI/ListHeader' windows.
24/11/2014 23:31:24 (Std) 	WindowFactory for 'CEGUI/ListHeader' windows added. (0x2035920)
24/11/2014 23:31:24 (Std) 	Created WindowFactory for 'CEGUI/ListHeaderSegment' windows.
24/11/2014 23:31:24 (Std) 	WindowFactory for 'CEGUI/ListHeaderSegment' windows added. (0x2035ac0)
24/11/2014 23:31:24 (Std) 	Created WindowFactory for 'CEGUI/Menubar' windows.
24/11/2014 23:31:24 (Std) 	WindowFactory for 'CEGUI/Menubar' windows added. (0x2035c60)
24/11/2014 23:31:24 (Std) 	Created WindowFactory for 'CEGUI/PopupMenu' windows.
24/11/2014 23:31:24 (Std) 	WindowFactory for 'CEGUI/PopupMenu' windows added. (0x2035e00)
24/11/2014 23:31:24 (Std) 	Created WindowFactory for 'CEGUI/MenuItem' windows.
24/11/2014 23:31:24 (Std) 	WindowFactory for 'CEGUI/MenuItem' windows added. (0x20350a0)
24/11/2014 23:31:24 (Std) 	Created WindowFactory for 'CEGUI/MultiColumnList' windows.
24/11/2014 23:31:24 (Std) 	WindowFactory for 'CEGUI/MultiColumnList' windows added. (0x2036190)
24/11/2014 23:31:24 (Std) 	Created WindowFactory for 'CEGUI/MultiLineEditbox' windows.
24/11/2014 23:31:24 (Std) 	WindowFactory for 'CEGUI/MultiLineEditbox' windows added. (0x2036330)
24/11/2014 23:31:24 (Std) 	Created WindowFactory for 'CEGUI/ProgressBar' windows.
24/11/2014 23:31:24 (Std) 	WindowFactory for 'CEGUI/ProgressBar' windows added. (0x20364d0)
24/11/2014 23:31:24 (Std) 	Created WindowFactory for 'CEGUI/ScrollablePane' windows.
24/11/2014 23:31:24 (Std) 	WindowFactory for 'CEGUI/ScrollablePane' windows added. (0x2036670)
24/11/2014 23:31:24 (Std) 	Created WindowFactory for 'CEGUI/Scrollbar' windows.
24/11/2014 23:31:24 (Std) 	WindowFactory for 'CEGUI/Scrollbar' windows added. (0x2036810)
24/11/2014 23:31:24 (Std) 	Created WindowFactory for 'CEGUI/Slider' windows.
24/11/2014 23:31:24 (Std) 	WindowFactory for 'CEGUI/Slider' windows added. (0x20369b0)
24/11/2014 23:31:24 (Std) 	Created WindowFactory for 'CEGUI/Spinner' windows.
24/11/2014 23:31:24 (Std) 	WindowFactory for 'CEGUI/Spinner' windows added. (0x2036b50)
24/11/2014 23:31:24 (Std) 	Created WindowFactory for 'CEGUI/TabButton' windows.
24/11/2014 23:31:24 (Std) 	WindowFactory for 'CEGUI/TabButton' windows added. (0x2036cf0)
24/11/2014 23:31:24 (Std) 	Created WindowFactory for 'CEGUI/TabControl' windows.
24/11/2014 23:31:24 (Std) 	WindowFactory for 'CEGUI/TabControl' windows added. (0x2036e90)
24/11/2014 23:31:24 (Std) 	Created WindowFactory for 'CEGUI/Thumb' windows.
24/11/2014 23:31:24 (Std) 	WindowFactory for 'CEGUI/Thumb' windows added. (0x2037030)
24/11/2014 23:31:24 (Std) 	Created WindowFactory for 'CEGUI/Titlebar' windows.
24/11/2014 23:31:24 (Std) 	WindowFactory for 'CEGUI/Titlebar' windows added. (0x20371d0)
24/11/2014 23:31:24 (Std) 	Created WindowFactory for 'CEGUI/Tooltip' windows.
24/11/2014 23:31:24 (Std) 	WindowFactory for 'CEGUI/Tooltip' windows added. (0x2037370)
24/11/2014 23:31:24 (Std) 	Created WindowFactory for 'CEGUI/ItemListbox' windows.
24/11/2014 23:31:24 (Std) 	WindowFactory for 'CEGUI/ItemListbox' windows added. (0x2037510)
24/11/2014 23:31:24 (Std) 	Created WindowFactory for 'CEGUI/GroupBox' windows.
24/11/2014 23:31:24 (Std) 	WindowFactory for 'CEGUI/GroupBox' windows added. (0x20376b0)
24/11/2014 23:31:24 (Std) 	Created WindowFactory for 'CEGUI/Tree' windows.
24/11/2014 23:31:24 (Std) 	WindowFactory for 'CEGUI/Tree' windows added. (0x2037850)
24/11/2014 23:31:24 (Std) 	Created WindowFactory for 'HorizontalLayoutContainer' windows.
24/11/2014 23:31:24 (Std) 	WindowFactory for 'HorizontalLayoutContainer' windows added. (0x2035fa0)
24/11/2014 23:31:24 (Std) 	Created WindowFactory for 'VerticalLayoutContainer' windows.
24/11/2014 23:31:24 (Std) 	WindowFactory for 'VerticalLayoutContainer' windows added. (0x2037ce0)
24/11/2014 23:31:24 (Std) 	Created WindowFactory for 'GridLayoutContainer' windows.
24/11/2014 23:31:24 (Std) 	WindowFactory for 'GridLayoutContainer' windows added. (0x2037e80)
24/11/2014 23:31:24 (Std) 	Window type alias named 'DefaultGUISheet' added for window type 'DefaultWindow'.
24/11/2014 23:31:24 (Std) 	CEGUI::System singleton created. (0x202e0f0)
24/11/2014 23:31:24 (Std) 	---- CEGUI System initialisation completed ----
24/11/2014 23:31:24 (Std) 	
24/11/2014 23:31:24 (Std) 	Started creation of Scheme from XML specification:
24/11/2014 23:31:24 (Std) 	---- CEGUI GUIScheme name: OgreTray
24/11/2014 23:31:24 (Std) 	Started creation of Imageset from XML specification:
24/11/2014 23:31:24 (Std) 	---- CEGUI Imageset name: OgreTrayImages
24/11/2014 23:31:24 (Std) 	---- Source texture file: OgreTrayImages.png in resource group: (Default)
24/11/2014 23:31:24 (Std) 	Started creation of Font from XML specification:
24/11/2014 23:31:24 (Std) 	---- CEGUI font name: DejaVuSans-10
24/11/2014 23:31:24 (Std) 	----       Font type: FreeType
24/11/2014 23:31:24 (Std) 	----     Source file: DejaVuSans.ttf in resource group: (Default)
24/11/2014 23:31:24 (Std) 	---- Real point size: 10
24/11/2014 23:31:24 (Std) 	===== Falagard 'root' element: look and feel parsing begins =====
24/11/2014 23:31:24 (Std) 	===== Look and feel parsing completed =====
24/11/2014 23:31:24 (Std) 	No window renderer factories specified for module 'CEGUIFalagardWRBase' - adding all available factories...
24/11/2014 23:31:24 (Std) 	Created WindowRendererFactory for 'Falagard/Button' WindowRenderers.
24/11/2014 23:31:24 (Std) 	WindowRendererFactory 'Falagard/Button' added. (0x2381f20)
24/11/2014 23:31:24 (Std) 	Created WindowRendererFactory for 'Falagard/Default' WindowRenderers.
24/11/2014 23:31:24 (Std) 	WindowRendererFactory 'Falagard/Default' added. (0x2109f20)
24/11/2014 23:31:24 (Std) 	Created WindowRendererFactory for 'Falagard/Editbox' WindowRenderers.
24/11/2014 23:31:24 (Std) 	WindowRendererFactory 'Falagard/Editbox' added. (0x2067300)
24/11/2014 23:31:24 (Std) 	Created WindowRendererFactory for 'Falagard/FrameWindow' WindowRenderers.
24/11/2014 23:31:24 (Std) 	WindowRendererFactory 'Falagard/FrameWindow' added. (0x20673c0)
24/11/2014 23:31:24 (Std) 	Created WindowRendererFactory for 'Falagard/ItemEntry' WindowRenderers.
24/11/2014 23:31:24 (Std) 	WindowRendererFactory 'Falagard/ItemEntry' added. (0x23aeb40)
24/11/2014 23:31:24 (Std) 	Created WindowRendererFactory for 'Falagard/ListHeader' WindowRenderers.
24/11/2014 23:31:24 (Std) 	WindowRendererFactory 'Falagard/ListHeader' added. (0x23aece0)
24/11/2014 23:31:24 (Std) 	Created WindowRendererFactory for 'Falagard/ListHeaderSegment' WindowRenderers.
24/11/2014 23:31:24 (Std) 	WindowRendererFactory 'Falagard/ListHeaderSegment' added. (0x23aee80)
24/11/2014 23:31:24 (Std) 	Created WindowRendererFactory for 'Falagard/Listbox' WindowRenderers.
24/11/2014 23:31:24 (Std) 	WindowRendererFactory 'Falagard/Listbox' added. (0x23af020)
24/11/2014 23:31:24 (Std) 	Created WindowRendererFactory for 'Falagard/Menubar' WindowRenderers.
24/11/2014 23:31:24 (Std) 	WindowRendererFactory 'Falagard/Menubar' added. (0x23af1c0)
24/11/2014 23:31:24 (Std) 	Created WindowRendererFactory for 'Falagard/MenuItem' WindowRenderers.
24/11/2014 23:31:24 (Std) 	WindowRendererFactory 'Falagard/MenuItem' added. (0x23af360)
24/11/2014 23:31:24 (Std) 	Created WindowRendererFactory for 'Falagard/MultiColumnList' WindowRenderers.
24/11/2014 23:31:24 (Std) 	WindowRendererFactory 'Falagard/MultiColumnList' added. (0x23af500)
24/11/2014 23:31:24 (Std) 	Created WindowRendererFactory for 'Falagard/MultiLineEditbox' WindowRenderers.
24/11/2014 23:31:24 (Std) 	WindowRendererFactory 'Falagard/MultiLineEditbox' added. (0x23af6a0)
24/11/2014 23:31:24 (Std) 	Created WindowRendererFactory for 'Falagard/PopupMenu' WindowRenderers.
24/11/2014 23:31:24 (Std) 	WindowRendererFactory 'Falagard/PopupMenu' added. (0x23af840)
24/11/2014 23:31:24 (Std) 	Created WindowRendererFactory for 'Falagard/ProgressBar' WindowRenderers.
24/11/2014 23:31:24 (Std) 	WindowRendererFactory 'Falagard/ProgressBar' added. (0x23af9e0)
24/11/2014 23:31:24 (Std) 	Created WindowRendererFactory for 'Falagard/ScrollablePane' WindowRenderers.
24/11/2014 23:31:24 (Std) 	WindowRendererFactory 'Falagard/ScrollablePane' added. (0x2304b70)
24/11/2014 23:31:24 (Std) 	Created WindowRendererFactory for 'Falagard/Scrollbar' WindowRenderers.
24/11/2014 23:31:24 (Std) 	WindowRendererFactory 'Falagard/Scrollbar' added. (0x2304d10)
24/11/2014 23:31:24 (Std) 	Created WindowRendererFactory for 'Falagard/Slider' WindowRenderers.
24/11/2014 23:31:24 (Std) 	WindowRendererFactory 'Falagard/Slider' added. (0x2304eb0)
24/11/2014 23:31:24 (Std) 	Created WindowRendererFactory for 'Falagard/Static' WindowRenderers.
24/11/2014 23:31:24 (Std) 	WindowRendererFactory 'Falagard/Static' added. (0x2305160)
24/11/2014 23:31:24 (Std) 	Created WindowRendererFactory for 'Falagard/StaticImage' WindowRenderers.
24/11/2014 23:31:24 (Std) 	WindowRendererFactory 'Falagard/StaticImage' added. (0x2305300)
24/11/2014 23:31:24 (Std) 	Created WindowRendererFactory for 'Falagard/StaticText' WindowRenderers.
24/11/2014 23:31:24 (Std) 	WindowRendererFactory 'Falagard/StaticText' added. (0x23054a0)
24/11/2014 23:31:24 (Std) 	Created WindowRendererFactory for 'Falagard/SystemButton' WindowRenderers.
24/11/2014 23:31:24 (Std) 	WindowRendererFactory 'Falagard/SystemButton' added. (0x2305640)
24/11/2014 23:31:24 (Std) 	Created WindowRendererFactory for 'Falagard/TabButton' WindowRenderers.
24/11/2014 23:31:24 (Std) 	WindowRendererFactory 'Falagard/TabButton' added. (0x23057e0)
24/11/2014 23:31:24 (Std) 	Created WindowRendererFactory for 'Falagard/TabControl' WindowRenderers.
24/11/2014 23:31:24 (Std) 	WindowRendererFactory 'Falagard/TabControl' added. (0x2305980)
24/11/2014 23:31:24 (Std) 	Created WindowRendererFactory for 'Falagard/Titlebar' WindowRenderers.
24/11/2014 23:31:24 (Std) 	WindowRendererFactory 'Falagard/Titlebar' added. (0x2305b20)
24/11/2014 23:31:24 (Std) 	Created WindowRendererFactory for 'Falagard/ToggleButton' WindowRenderers.
24/11/2014 23:31:24 (Std) 	WindowRendererFactory 'Falagard/ToggleButton' added. (0x2305cc0)
24/11/2014 23:31:24 (Std) 	Created WindowRendererFactory for 'Falagard/Tooltip' WindowRenderers.
24/11/2014 23:31:24 (Std) 	WindowRendererFactory 'Falagard/Tooltip' added. (0x2305e60)
24/11/2014 23:31:24 (Std) 	Created WindowRendererFactory for 'Falagard/ItemListbox' WindowRenderers.
24/11/2014 23:31:24 (Std) 	WindowRendererFactory 'Falagard/ItemListbox' added. (0x2306000)
24/11/2014 23:31:24 (Std) 	Created WindowRendererFactory for 'Falagard/Tree' WindowRenderers.
24/11/2014 23:31:24 (Std) 	WindowRendererFactory 'Falagard/Tree' added. (0x23061a0)
24/11/2014 23:31:24 (Std) 	Creating falagard mapping for type 'OgreTray/Button' using base type 'CEGUI/PushButton', window renderer 'Falagard/Button' Look'N'Feel 'OgreTray/PushButton' and RenderEffect ''. (0x7fffe562c930)
24/11/2014 23:31:24 (Std) 	Creating falagard mapping for type 'OgreTray/Titlebar' using base type 'CEGUI/Titlebar', window renderer 'Falagard/Titlebar' Look'N'Feel 'OgreTray/Titlebar' and RenderEffect ''. (0x7fffe562c930)
24/11/2014 23:31:24 (Std) 	Creating falagard mapping for type 'OgreTray/FrameWindow' using base type 'CEGUI/FrameWindow', window renderer 'Falagard/FrameWindow' Look'N'Feel 'OgreTray/FrameWindow' and RenderEffect ''. (0x7fffe562c930)
24/11/2014 23:31:24 (Std) 	Creating falagard mapping for type 'OgreTray/Thumb' using base type 'CEGUI/Thumb', window renderer 'Falagard/Button' Look'N'Feel 'OgreTray/Thumb' and RenderEffect ''. (0x7fffe562c930)
24/11/2014 23:31:24 (Std) 	Creating falagard mapping for type 'OgreTray/VerticalScrollbar' using base type 'CEGUI/Scrollbar', window renderer 'Falagard/Scrollbar' Look'N'Feel 'OgreTray/VerticalScrollbar' and RenderEffect ''. (0x7fffe562c930)
24/11/2014 23:31:24 (Std) 	Creating falagard mapping for type 'OgreTray/HorizontalScrollbar' using base type 'CEGUI/Scrollbar', window renderer 'Falagard/Scrollbar' Look'N'Feel 'OgreTray/HorizontalScrollbar' and RenderEffect ''. (0x7fffe562c930)
24/11/2014 23:31:24 (Std) 	Creating falagard mapping for type 'OgreTray/StaticText' using base type 'DefaultWindow', window renderer 'Falagard/StaticText' Look'N'Feel 'OgreTray/StaticText' and RenderEffect ''. (0x7fffe562c930)
24/11/2014 23:31:24 (Std) 	Creating falagard mapping for type 'OgreTray/Title' using base type 'DefaultWindow', window renderer 'Falagard/Default' Look'N'Feel 'OgreTray/MiniTray' and RenderEffect ''. (0x7fffe562c930)
24/11/2014 23:31:24 (Std) 	Creating falagard mapping for type 'OgreTray/CaptionedStaticText' using base type 'DefaultWindow', window renderer 'Falagard/StaticText' Look'N'Feel 'OgreTray/CaptionedStaticText' and RenderEffect ''. (0x7fffe562c930)
24/11/2014 23:31:24 (Std) 	Creating falagard mapping for type 'OgreTray/ProgressBar' using base type 'CEGUI/ProgressBar', window renderer 'Falagard/ProgressBar' Look'N'Feel 'OgreTray/ProgressBar' and RenderEffect ''. (0x7fffe562c930)
24/11/2014 23:31:24 (Std) 	Creating falagard mapping for type 'OgreTray/Editbox' using base type 'CEGUI/Editbox', window renderer 'Falagard/Editbox' Look'N'Feel 'OgreTray/Editbox' and RenderEffect ''. (0x7fffe562c930)
24/11/2014 23:31:24 (Std) 	Creating falagard mapping for type 'OgreTray/MultiLineEditbox' using base type 'CEGUI/MultiLineEditbox', window renderer 'Falagard/MultiLineEditbox' Look'N'Feel 'OgreTray/MultiLineEditbox' and RenderEffect ''. (0x7fffe562c930)
24/11/2014 23:31:24 (Std) 	Creating falagard mapping for type 'OgreTray/Listbox' using base type 'CEGUI/Listbox', window renderer 'Falagard/Listbox' Look'N'Feel 'OgreTray/Listbox' and RenderEffect ''. (0x7fffe562c930)
24/11/2014 23:31:24 (Std) 	Creating falagard mapping for type 'OgreTray/ComboDropList' using base type 'CEGUI/ComboDropList', window renderer 'Falagard/Listbox' Look'N'Feel 'OgreTray/Listbox' and RenderEffect ''. (0x7fffe562c930)
24/11/2014 23:31:24 (Std) 	Creating falagard mapping for type 'OgreTray/Combobox' using base type 'CEGUI/Combobox', window renderer 'Falagard/Default' Look'N'Feel 'OgreTray/Combobox' and RenderEffect ''. (0x7fffe562c930)
24/11/2014 23:31:24 (Std) 	Creating falagard mapping for type 'OgreTray/DropDownMenu' using base type 'CEGUI/Combobox', window renderer 'Falagard/Default' Look'N'Feel 'OgreTray/DropDownMenu' and RenderEffect ''. (0x7fffe562c930)
24/11/2014 23:31:24 (Std) 	Creating falagard mapping for type 'OgreTray/Group' using base type 'DefaultWindow', window renderer 'Falagard/Default' Look'N'Feel 'OgreTray/Group' and RenderEffect ''. (0x7fffe562c930)
24/11/2014 23:31:24 (Std) 	Creating falagard mapping for type 'OgreTray/Checkbox' using base type 'CEGUI/Checkbox', window renderer 'Falagard/ToggleButton' Look'N'Feel 'OgreTray/Checkbox' and RenderEffect ''. (0x7fffe562c930)
24/11/2014 23:31:24 (Std) 	Creating falagard mapping for type 'OgreTray/RadioButton' using base type 'CEGUI/RadioButton', window renderer 'Falagard/ToggleButton' Look'N'Feel 'OgreTray/RadioButton' and RenderEffect ''. (0x7fffe562c930)
24/11/2014 23:31:24 (Std) 	Creating falagard mapping for type 'OgreTray/Slider' using base type 'CEGUI/Slider', window renderer 'Falagard/Slider' Look'N'Feel 'OgreTray/Slider' and RenderEffect ''. (0x7fffe562c930)
24/11/2014 23:31:24 (Std) 	Creating falagard mapping for type 'OgreTray/StaticImage' using base type 'DefaultWindow', window renderer 'Falagard/StaticImage' Look'N'Feel 'OgreTray/StaticImage' and RenderEffect ''. (0x7fffe562c930)
24/11/2014 23:31:24 (Std) 	Creating falagard mapping for type 'OgreTray/AltStaticImage' using base type 'DefaultWindow', window renderer 'Falagard/Default' Look'N'Feel 'OgreTray/AltStaticImage' and RenderEffect ''. (0x7fffe562c930)
24/11/2014 23:31:24 (Std) 	Creating falagard mapping for type 'OgreTray/Tooltip' using base type 'CEGUI/Tooltip', window renderer 'Falagard/Tooltip' Look'N'Feel 'OgreTray/Tooltip' and RenderEffect ''. (0x7fffe562c930)
24/11/2014 23:31:24 (Std) 	Creating falagard mapping for type 'OgreTray/ItemListbox' using base type 'CEGUI/ItemListbox', window renderer 'Falagard/ItemListbox' Look'N'Feel 'OgreTray/ItemListbox' and RenderEffect ''. (0x7fffe562c930)
24/11/2014 23:31:24 (Std) 	Creating falagard mapping for type 'OgreTray/ListboxItem' using base type 'CEGUI/ItemEntry', window renderer 'Falagard/ItemEntry' Look'N'Feel 'OgreTray/ListboxItem' and RenderEffect ''. (0x7fffe562c930)
24/11/2014 23:31:24 (Std) 	Creating falagard mapping for type 'OgreTray/Spinner' using base type 'CEGUI/Spinner', window renderer 'Falagard/Default' Look'N'Feel 'OgreTray/Spinner' and RenderEffect ''. (0x7fffe562c930)
24/11/2014 23:31:24 (Std) 	Creating falagard mapping for type 'OgreTray/ScrollablePane' using base type 'CEGUI/ScrollablePane', window renderer 'Falagard/ScrollablePane' Look'N'Feel 'OgreTray/ScrollablePane' and RenderEffect ''. (0x7fffe562c930)
24/11/2014 23:31:24 (Std) 	Creating falagard mapping for type 'OgreTray/ListHeaderSegment' using base type 'CEGUI/ListHeaderSegment', window renderer 'Falagard/ListHeaderSegment' Look'N'Feel 'OgreTray/ListHeaderSegment' and RenderEffect ''. (0x7fffe562c930)
24/11/2014 23:31:24 (Std) 	Creating falagard mapping for type 'OgreTray/ListHeader' using base type 'CEGUI/ListHeader', window renderer 'Falagard/ListHeader' Look'N'Feel 'OgreTray/ListHeader' and RenderEffect ''. (0x7fffe562c930)
24/11/2014 23:31:24 (Std) 	Creating falagard mapping for type 'OgreTray/MultiColumnList' using base type 'CEGUI/MultiColumnList', window renderer 'Falagard/MultiColumnList' Look'N'Feel 'OgreTray/MultiColumnList' and RenderEffect ''. (0x7fffe562c930)
24/11/2014 23:31:24 (Std) 	Creating falagard mapping for type 'OgreTray/MenuItem' using base type 'CEGUI/MenuItem', window renderer 'Falagard/MenuItem' Look'N'Feel 'OgreTray/MenuItem' and RenderEffect ''. (0x7fffe562c930)
24/11/2014 23:31:24 (Std) 	Creating falagard mapping for type 'OgreTray/Menubar' using base type 'CEGUI/Menubar', window renderer 'Falagard/Menubar' Look'N'Feel 'OgreTray/Menubar' and RenderEffect ''. (0x7fffe562c930)
24/11/2014 23:31:24 (Std) 	Creating falagard mapping for type 'OgreTray/PopupMenu' using base type 'CEGUI/PopupMenu', window renderer 'Falagard/PopupMenu' Look'N'Feel 'OgreTray/PopupMenu' and RenderEffect ''. (0x7fffe562c930)
24/11/2014 23:31:24 (Std) 	Creating falagard mapping for type 'OgreTray/TabButton' using base type 'CEGUI/TabButton', window renderer 'Falagard/TabButton' Look'N'Feel 'OgreTray/TabButton' and RenderEffect ''. (0x7fffe562c930)
24/11/2014 23:31:24 (Std) 	Creating falagard mapping for type 'OgreTray/TabButtonPane' using base type 'DefaultWindow', window renderer 'Falagard/Default' Look'N'Feel 'OgreTray/TabButtonPane' and RenderEffect ''. (0x7fffe562c930)
24/11/2014 23:31:24 (Std) 	Creating falagard mapping for type 'OgreTray/TabContentPane' using base type 'DefaultWindow', window renderer 'Falagard/Default' Look'N'Feel 'OgreTray/TabContentPane' and RenderEffect ''. (0x7fffe562c930)
24/11/2014 23:31:24 (Std) 	Creating falagard mapping for type 'OgreTray/TabControl' using base type 'CEGUI/TabControl', window renderer 'Falagard/TabControl' Look'N'Feel 'OgreTray/TabControl' and RenderEffect ''. (0x7fffe562c930)
24/11/2014 23:31:24 (Std) 	Creating falagard mapping for type 'OgreTray/BG' using base type 'DefaultWindow', window renderer 'Falagard/Default' Look'N'Feel 'OgreTray/BGTest' and RenderEffect ''. (0x7fffe562c930)
24/11/2014 23:31:24 (Std) 	Attempting to create Imageset 'DejaVuSans-10_auto_glyph_images_ ' with texture only.
