08/02/2015 17:56:00 (Std) 	+-+-+-+-+-+-+-+-+-+-+-+-+-+-+-+-+-+-+-+-+-+-+-+-+-+-+-+-+-+-+-+-+-+-+-+-+-+-+-+
08/02/2015 17:56:00 (Std) 	+                     Crazy Eddie's GUI System - Event log                    +
08/02/2015 17:56:00 (Std) 	+                          (http://www.cegui.org.uk/)                         +
08/02/2015 17:56:00 (Std) 	+-+-+-+-+-+-+-+-+-+-+-+-+-+-+-+-+-+-+-+-+-+-+-+-+-+-+-+-+-+-+-+-+-+-+-+-+-+-+-+

08/02/2015 17:56:00 (Std) 	CEGUI::Logger singleton created. (0x2267c80)
08/02/2015 17:56:00 (Std) 	
08/02/2015 17:56:00 (Std) 	********************************************************************************
08/02/2015 17:56:00 (Std) 	* Important:                                                                   *
08/02/2015 17:56:00 (Std) 	*     To get support at the CEGUI forums, you must post _at least_ the section *
08/02/2015 17:56:00 (Std) 	*     of this log file indicated below.  Failure to do this will result in no  *
08/02/2015 17:56:00 (Std) 	*     support being given; please do not waste our time.                       *
08/02/2015 17:56:00 (Std) 	********************************************************************************
08/02/2015 17:56:00 (Std) 	********************************************************************************
08/02/2015 17:56:00 (Std) 	* -------- START OF ESSENTIAL SECTION TO BE POSTED ON THE FORUM       -------- *
08/02/2015 17:56:00 (Std) 	********************************************************************************
08/02/2015 17:56:00 (Std) 	---- Version 0.7.6 (Build: Jan  2 2014 GNU/Linux g++ 4.8.2 64 bit) ----
08/02/2015 17:56:00 (Std) 	---- Renderer module is: CEGUI::OgreRenderer - Official OGRE based 2nd generation renderer module. ----
08/02/2015 17:56:00 (Std) 	---- XML Parser module is: CEGUI::TinyXMLParser - Official tinyXML based parser module for CEGUI ----
08/02/2015 17:56:00 (Std) 	---- Image Codec module is: OgreImageCodec - Integrated ImageCodec using the Ogre engine. ----
08/02/2015 17:56:00 (Std) 	---- Scripting module is: None ----
08/02/2015 17:56:00 (Std) 	********************************************************************************
08/02/2015 17:56:00 (Std) 	* -------- END OF ESSENTIAL SECTION TO BE POSTED ON THE FORUM         -------- *
08/02/2015 17:56:00 (Std) 	********************************************************************************
08/02/2015 17:56:00 (Std) 	
08/02/2015 17:56:00 (Std) 	---- Begining CEGUI System initialisation ----
08/02/2015 17:56:00 (Std) 	CEGUI::ImagesetManager singleton created (0x22686f0)
08/02/2015 17:56:00 (Std) 	CEGUI::FontManager singleton created. (0x2268820)
08/02/2015 17:56:00 (Std) 	CEGUI::WindowFactoryManager singleton created
08/02/2015 17:56:00 (Std) 	CEGUI::WindowManager singleton created (0x2269bb0)
08/02/2015 17:56:00 (Std) 	CEGUI::SchemeManager singleton created. (0x2268950)
08/02/2015 17:56:00 (Std) 	CEGUI::MouseCursor singleton created. (0x2268a80)
08/02/2015 17:56:00 (Std) 	CEGUI::GlobalEventSet singleton created. (0x2268480)
08/02/2015 17:56:00 (Std) 	CEGUI::AnimationManager singleton created (0x22680a0)
08/02/2015 17:56:00 (Std) 	CEGUI::WidgetLookManager singleton created. (0x2268c20)
08/02/2015 17:56:00 (Std) 	CEGUI::WindowRendererManager singleton created (0x22668c0)
08/02/2015 17:56:00 (Std) 	CEGUI::RenderEffectManager singleton created (0x2268670)
08/02/2015 17:56:00 (Std) 	Created WindowFactory for 'DefaultWindow' windows.
08/02/2015 17:56:00 (Std) 	WindowFactory for 'DefaultWindow' windows added. (0x226d850)
08/02/2015 17:56:00 (Std) 	Created WindowFactory for 'DragContainer' windows.
08/02/2015 17:56:00 (Std) 	WindowFactory for 'DragContainer' windows added. (0x226d910)
08/02/2015 17:56:00 (Std) 	Created WindowFactory for 'ScrolledContainer' windows.
08/02/2015 17:56:00 (Std) 	WindowFactory for 'ScrolledContainer' windows added. (0x226dae0)
08/02/2015 17:56:00 (Std) 	Created WindowFactory for 'ClippedContainer' windows.
08/02/2015 17:56:00 (Std) 	WindowFactory for 'ClippedContainer' windows added. (0x226dcb0)
08/02/2015 17:56:00 (Std) 	Created WindowFactory for 'CEGUI/Checkbox' windows.
08/02/2015 17:56:00 (Std) 	WindowFactory for 'CEGUI/Checkbox' windows added. (0x226df70)
08/02/2015 17:56:00 (Std) 	Created WindowFactory for 'CEGUI/PushButton' windows.
08/02/2015 17:56:00 (Std) 	WindowFactory for 'CEGUI/PushButton' windows added. (0x226e110)
08/02/2015 17:56:00 (Std) 	Created WindowFactory for 'CEGUI/RadioButton' windows.
08/02/2015 17:56:00 (Std) 	WindowFactory for 'CEGUI/RadioButton' windows added. (0x226e2b0)
08/02/2015 17:56:00 (Std) 	Created WindowFactory for 'CEGUI/Combobox' windows.
08/02/2015 17:56:00 (Std) 	WindowFactory for 'CEGUI/Combobox' windows added. (0x226e450)
08/02/2015 17:56:00 (Std) 	Created WindowFactory for 'CEGUI/ComboDropList' windows.
08/02/2015 17:56:00 (Std) 	WindowFactory for 'CEGUI/ComboDropList' windows added. (0x226e5f0)
08/02/2015 17:56:00 (Std) 	Created WindowFactory for 'CEGUI/Editbox' windows.
08/02/2015 17:56:00 (Std) 	WindowFactory for 'CEGUI/Editbox' windows added. (0x226e8b0)
08/02/2015 17:56:00 (Std) 	Created WindowFactory for 'CEGUI/FrameWindow' windows.
08/02/2015 17:56:00 (Std) 	WindowFactory for 'CEGUI/FrameWindow' windows added. (0x226ea50)
08/02/2015 17:56:00 (Std) 	Created WindowFactory for 'CEGUI/ItemEntry' windows.
08/02/2015 17:56:00 (Std) 	WindowFactory for 'CEGUI/ItemEntry' windows added. (0x226ebf0)
08/02/2015 17:56:00 (Std) 	Created WindowFactory for 'CEGUI/Listbox' windows.
08/02/2015 17:56:00 (Std) 	WindowFactory for 'CEGUI/Listbox' windows added. (0x226ed90)
08/02/2015 17:56:00 (Std) 	Created WindowFactory for 'CEGUI/ListHeader' windows.
08/02/2015 17:56:00 (Std) 	WindowFactory for 'CEGUI/ListHeader' windows added. (0x226ef30)
08/02/2015 17:56:00 (Std) 	Created WindowFactory for 'CEGUI/ListHeaderSegment' windows.
08/02/2015 17:56:00 (Std) 	WindowFactory for 'CEGUI/ListHeaderSegment' windows added. (0x226f0d0)
08/02/2015 17:56:00 (Std) 	Created WindowFactory for 'CEGUI/Menubar' windows.
08/02/2015 17:56:00 (Std) 	WindowFactory for 'CEGUI/Menubar' windows added. (0x226f270)
08/02/2015 17:56:00 (Std) 	Created WindowFactory for 'CEGUI/PopupMenu' windows.
08/02/2015 17:56:00 (Std) 	WindowFactory for 'CEGUI/PopupMenu' windows added. (0x226f410)
08/02/2015 17:56:00 (Std) 	Created WindowFactory for 'CEGUI/MenuItem' windows.
08/02/2015 17:56:00 (Std) 	WindowFactory for 'CEGUI/MenuItem' windows added. (0x226e6b0)
08/02/2015 17:56:00 (Std) 	Created WindowFactory for 'CEGUI/MultiColumnList' windows.
08/02/2015 17:56:00 (Std) 	WindowFactory for 'CEGUI/MultiColumnList' windows added. (0x226f7a0)
08/02/2015 17:56:00 (Std) 	Created WindowFactory for 'CEGUI/MultiLineEditbox' windows.
08/02/2015 17:56:00 (Std) 	WindowFactory for 'CEGUI/MultiLineEditbox' windows added. (0x226f940)
08/02/2015 17:56:00 (Std) 	Created WindowFactory for 'CEGUI/ProgressBar' windows.
08/02/2015 17:56:00 (Std) 	WindowFactory for 'CEGUI/ProgressBar' windows added. (0x226fae0)
08/02/2015 17:56:00 (Std) 	Created WindowFactory for 'CEGUI/ScrollablePane' windows.
08/02/2015 17:56:00 (Std) 	WindowFactory for 'CEGUI/ScrollablePane' windows added. (0x226fc80)
08/02/2015 17:56:00 (Std) 	Created WindowFactory for 'CEGUI/Scrollbar' windows.
08/02/2015 17:56:00 (Std) 	WindowFactory for 'CEGUI/Scrollbar' windows added. (0x226fe20)
08/02/2015 17:56:00 (Std) 	Created WindowFactory for 'CEGUI/Slider' windows.
08/02/2015 17:56:00 (Std) 	WindowFactory for 'CEGUI/Slider' windows added. (0x226ffc0)
08/02/2015 17:56:00 (Std) 	Created WindowFactory for 'CEGUI/Spinner' windows.
08/02/2015 17:56:00 (Std) 	WindowFactory for 'CEGUI/Spinner' windows added. (0x2270160)
08/02/2015 17:56:00 (Std) 	Created WindowFactory for 'CEGUI/TabButton' windows.
08/02/2015 17:56:00 (Std) 	WindowFactory for 'CEGUI/TabButton' windows added. (0x2270300)
08/02/2015 17:56:00 (Std) 	Created WindowFactory for 'CEGUI/TabControl' windows.
08/02/2015 17:56:00 (Std) 	WindowFactory for 'CEGUI/TabControl' windows added. (0x22704a0)
08/02/2015 17:56:00 (Std) 	Created WindowFactory for 'CEGUI/Thumb' windows.
08/02/2015 17:56:00 (Std) 	WindowFactory for 'CEGUI/Thumb' windows added. (0x2270640)
08/02/2015 17:56:00 (Std) 	Created WindowFactory for 'CEGUI/Titlebar' windows.
08/02/2015 17:56:00 (Std) 	WindowFactory for 'CEGUI/Titlebar' windows added. (0x22707e0)
08/02/2015 17:56:00 (Std) 	Created WindowFactory for 'CEGUI/Tooltip' windows.
08/02/2015 17:56:00 (Std) 	WindowFactory for 'CEGUI/Tooltip' windows added. (0x2270980)
08/02/2015 17:56:00 (Std) 	Created WindowFactory for 'CEGUI/ItemListbox' windows.
08/02/2015 17:56:00 (Std) 	WindowFactory for 'CEGUI/ItemListbox' windows added. (0x2270b20)
08/02/2015 17:56:00 (Std) 	Created WindowFactory for 'CEGUI/GroupBox' windows.
08/02/2015 17:56:00 (Std) 	WindowFactory for 'CEGUI/GroupBox' windows added. (0x2270cc0)
08/02/2015 17:56:00 (Std) 	Created WindowFactory for 'CEGUI/Tree' windows.
08/02/2015 17:56:00 (Std) 	WindowFactory for 'CEGUI/Tree' windows added. (0x2270e60)
08/02/2015 17:56:00 (Std) 	Created WindowFactory for 'HorizontalLayoutContainer' windows.
08/02/2015 17:56:00 (Std) 	WindowFactory for 'HorizontalLayoutContainer' windows added. (0x226f5b0)
08/02/2015 17:56:00 (Std) 	Created WindowFactory for 'VerticalLayoutContainer' windows.
08/02/2015 17:56:00 (Std) 	WindowFactory for 'VerticalLayoutContainer' windows added. (0x22712f0)
08/02/2015 17:56:00 (Std) 	Created WindowFactory for 'GridLayoutContainer' windows.
08/02/2015 17:56:00 (Std) 	WindowFactory for 'GridLayoutContainer' windows added. (0x2271490)
08/02/2015 17:56:00 (Std) 	Window type alias named 'DefaultGUISheet' added for window type 'DefaultWindow'.
08/02/2015 17:56:00 (Std) 	CEGUI::System singleton created. (0x2267870)
08/02/2015 17:56:00 (Std) 	---- CEGUI System initialisation completed ----
08/02/2015 17:56:00 (Std) 	
08/02/2015 17:56:00 (Std) 	Started creation of Scheme from XML specification:
08/02/2015 17:56:00 (Std) 	---- CEGUI GUIScheme name: OgreTray
08/02/2015 17:56:00 (Std) 	Started creation of Imageset from XML specification:
08/02/2015 17:56:00 (Std) 	---- CEGUI Imageset name: OgreTrayImages
08/02/2015 17:56:00 (Std) 	---- Source texture file: OgreTrayImages.png in resource group: (Default)
08/02/2015 17:56:00 (Std) 	Started creation of Font from XML specification:
08/02/2015 17:56:00 (Std) 	---- CEGUI font name: DejaVuSans-10
08/02/2015 17:56:00 (Std) 	----       Font type: FreeType
08/02/2015 17:56:00 (Std) 	----     Source file: DejaVuSans.ttf in resource group: (Default)
08/02/2015 17:56:00 (Std) 	---- Real point size: 10
08/02/2015 17:56:00 (Std) 	===== Falagard 'root' element: look and feel parsing begins =====
08/02/2015 17:56:00 (Std) 	===== Look and feel parsing completed =====
08/02/2015 17:56:00 (Std) 	No window renderer factories specified for module 'CEGUIFalagardWRBase' - adding all available factories...
08/02/2015 17:56:00 (Std) 	Created WindowRendererFactory for 'Falagard/Button' WindowRenderers.
08/02/2015 17:56:00 (Std) 	WindowRendererFactory 'Falagard/Button' added. (0x227ed10)
08/02/2015 17:56:00 (Std) 	Created WindowRendererFactory for 'Falagard/Default' WindowRenderers.
08/02/2015 17:56:00 (Std) 	WindowRendererFactory 'Falagard/Default' added. (0x25caa60)
08/02/2015 17:56:00 (Std) 	Created WindowRendererFactory for 'Falagard/Editbox' WindowRenderers.
08/02/2015 17:56:00 (Std) 	WindowRendererFactory 'Falagard/Editbox' added. (0x25e95e0)
08/02/2015 17:56:00 (Std) 	Created WindowRendererFactory for 'Falagard/FrameWindow' WindowRenderers.
08/02/2015 17:56:00 (Std) 	WindowRendererFactory 'Falagard/FrameWindow' added. (0x25e4c80)
08/02/2015 17:56:00 (Std) 	Created WindowRendererFactory for 'Falagard/ItemEntry' WindowRenderers.
08/02/2015 17:56:00 (Std) 	WindowRendererFactory 'Falagard/ItemEntry' added. (0x22a04a0)
08/02/2015 17:56:00 (Std) 	Created WindowRendererFactory for 'Falagard/ListHeader' WindowRenderers.
08/02/2015 17:56:00 (Std) 	WindowRendererFactory 'Falagard/ListHeader' added. (0x227f0e0)
08/02/2015 17:56:00 (Std) 	Created WindowRendererFactory for 'Falagard/ListHeaderSegment' WindowRenderers.
08/02/2015 17:56:00 (Std) 	WindowRendererFactory 'Falagard/ListHeaderSegment' added. (0x253f4c0)
08/02/2015 17:56:00 (Std) 	Created WindowRendererFactory for 'Falagard/Listbox' WindowRenderers.
08/02/2015 17:56:00 (Std) 	WindowRendererFactory 'Falagard/Listbox' added. (0x253f800)
08/02/2015 17:56:00 (Std) 	Created WindowRendererFactory for 'Falagard/Menubar' WindowRenderers.
08/02/2015 17:56:00 (Std) 	WindowRendererFactory 'Falagard/Menubar' added. (0x253ffa0)
08/02/2015 17:56:00 (Std) 	Created WindowRendererFactory for 'Falagard/MenuItem' WindowRenderers.
08/02/2015 17:56:00 (Std) 	WindowRendererFactory 'Falagard/MenuItem' added. (0x2540140)
08/02/2015 17:56:00 (Std) 	Created WindowRendererFactory for 'Falagard/MultiColumnList' WindowRenderers.
08/02/2015 17:56:00 (Std) 	WindowRendererFactory 'Falagard/MultiColumnList' added. (0x25ea980)
08/02/2015 17:56:00 (Std) 	Created WindowRendererFactory for 'Falagard/MultiLineEditbox' WindowRenderers.
08/02/2015 17:56:00 (Std) 	WindowRendererFactory 'Falagard/MultiLineEditbox' added. (0x25eab20)
08/02/2015 17:56:00 (Std) 	Created WindowRendererFactory for 'Falagard/PopupMenu' WindowRenderers.
08/02/2015 17:56:00 (Std) 	WindowRendererFactory 'Falagard/PopupMenu' added. (0x25eacc0)
08/02/2015 17:56:00 (Std) 	Created WindowRendererFactory for 'Falagard/ProgressBar' WindowRenderers.
08/02/2015 17:56:00 (Std) 	WindowRendererFactory 'Falagard/ProgressBar' added. (0x25eae60)
08/02/2015 17:56:00 (Std) 	Created WindowRendererFactory for 'Falagard/ScrollablePane' WindowRenderers.
08/02/2015 17:56:00 (Std) 	WindowRendererFactory 'Falagard/ScrollablePane' added. (0x25eb000)
08/02/2015 17:56:00 (Std) 	Created WindowRendererFactory for 'Falagard/Scrollbar' WindowRenderers.
08/02/2015 17:56:00 (Std) 	WindowRendererFactory 'Falagard/Scrollbar' added. (0x25eb1a0)
08/02/2015 17:56:00 (Std) 	Created WindowRendererFactory for 'Falagard/Slider' WindowRenderers.
08/02/2015 17:56:00 (Std) 	WindowRendererFactory 'Falagard/Slider' added. (0x25eb340)
08/02/2015 17:56:00 (Std) 	Created WindowRendererFactory for 'Falagard/Static' WindowRenderers.
08/02/2015 17:56:00 (Std) 	WindowRendererFactory 'Falagard/Static' added. (0x25eb5f0)
08/02/2015 17:56:00 (Std) 	Created WindowRendererFactory for 'Falagard/StaticImage' WindowRenderers.
08/02/2015 17:56:00 (Std) 	WindowRendererFactory 'Falagard/StaticImage' added. (0x25eb790)
08/02/2015 17:56:00 (Std) 	Created WindowRendererFactory for 'Falagard/StaticText' WindowRenderers.
08/02/2015 17:56:00 (Std) 	WindowRendererFactory 'Falagard/StaticText' added. (0x25eb930)
08/02/2015 17:56:00 (Std) 	Created WindowRendererFactory for 'Falagard/SystemButton' WindowRenderers.
08/02/2015 17:56:00 (Std) 	WindowRendererFactory 'Falagard/SystemButton' added. (0x25ebad0)
08/02/2015 17:56:00 (Std) 	Created WindowRendererFactory for 'Falagard/TabButton' WindowRenderers.
08/02/2015 17:56:00 (Std) 	WindowRendererFactory 'Falagard/TabButton' added. (0x25ebc70)
08/02/2015 17:56:00 (Std) 	Created WindowRendererFactory for 'Falagard/TabControl' WindowRenderers.
08/02/2015 17:56:00 (Std) 	WindowRendererFactory 'Falagard/TabControl' added. (0x25ebe10)
08/02/2015 17:56:00 (Std) 	Created WindowRendererFactory for 'Falagard/Titlebar' WindowRenderers.
08/02/2015 17:56:00 (Std) 	WindowRendererFactory 'Falagard/Titlebar' added. (0x25ebfb0)
08/02/2015 17:56:00 (Std) 	Created WindowRendererFactory for 'Falagard/ToggleButton' WindowRenderers.
08/02/2015 17:56:00 (Std) 	WindowRendererFactory 'Falagard/ToggleButton' added. (0x25ec150)
08/02/2015 17:56:00 (Std) 	Created WindowRendererFactory for 'Falagard/Tooltip' WindowRenderers.
08/02/2015 17:56:00 (Std) 	WindowRendererFactory 'Falagard/Tooltip' added. (0x25ec2f0)
08/02/2015 17:56:00 (Std) 	Created WindowRendererFactory for 'Falagard/ItemListbox' WindowRenderers.
08/02/2015 17:56:00 (Std) 	WindowRendererFactory 'Falagard/ItemListbox' added. (0x25ec490)
08/02/2015 17:56:00 (Std) 	Created WindowRendererFactory for 'Falagard/Tree' WindowRenderers.
08/02/2015 17:56:00 (Std) 	WindowRendererFactory 'Falagard/Tree' added. (0x25ec630)
08/02/2015 17:56:00 (Std) 	Creating falagard mapping for type 'OgreTray/Button' using base type 'CEGUI/PushButton', window renderer 'Falagard/Button' Look'N'Feel 'OgreTray/PushButton' and RenderEffect ''. (0x7ffffcd8c3d0)
08/02/2015 17:56:00 (Std) 	Creating falagard mapping for type 'OgreTray/Titlebar' using base type 'CEGUI/Titlebar', window renderer 'Falagard/Titlebar' Look'N'Feel 'OgreTray/Titlebar' and RenderEffect ''. (0x7ffffcd8c3d0)
08/02/2015 17:56:00 (Std) 	Creating falagard mapping for type 'OgreTray/FrameWindow' using base type 'CEGUI/FrameWindow', window renderer 'Falagard/FrameWindow' Look'N'Feel 'OgreTray/FrameWindow' and RenderEffect ''. (0x7ffffcd8c3d0)
08/02/2015 17:56:00 (Std) 	Creating falagard mapping for type 'OgreTray/Thumb' using base type 'CEGUI/Thumb', window renderer 'Falagard/Button' Look'N'Feel 'OgreTray/Thumb' and RenderEffect ''. (0x7ffffcd8c3d0)
08/02/2015 17:56:00 (Std) 	Creating falagard mapping for type 'OgreTray/VerticalScrollbar' using base type 'CEGUI/Scrollbar', window renderer 'Falagard/Scrollbar' Look'N'Feel 'OgreTray/VerticalScrollbar' and RenderEffect ''. (0x7ffffcd8c3d0)
08/02/2015 17:56:00 (Std) 	Creating falagard mapping for type 'OgreTray/HorizontalScrollbar' using base type 'CEGUI/Scrollbar', window renderer 'Falagard/Scrollbar' Look'N'Feel 'OgreTray/HorizontalScrollbar' and RenderEffect ''. (0x7ffffcd8c3d0)
08/02/2015 17:56:00 (Std) 	Creating falagard mapping for type 'OgreTray/StaticText' using base type 'DefaultWindow', window renderer 'Falagard/StaticText' Look'N'Feel 'OgreTray/StaticText' and RenderEffect ''. (0x7ffffcd8c3d0)
08/02/2015 17:56:00 (Std) 	Creating falagard mapping for type 'OgreTray/Title' using base type 'DefaultWindow', window renderer 'Falagard/Default' Look'N'Feel 'OgreTray/MiniTray' and RenderEffect ''. (0x7ffffcd8c3d0)
08/02/2015 17:56:00 (Std) 	Creating falagard mapping for type 'OgreTray/CaptionedStaticText' using base type 'DefaultWindow', window renderer 'Falagard/StaticText' Look'N'Feel 'OgreTray/CaptionedStaticText' and RenderEffect ''. (0x7ffffcd8c3d0)
08/02/2015 17:56:00 (Std) 	Creating falagard mapping for type 'OgreTray/ProgressBar' using base type 'CEGUI/ProgressBar', window renderer 'Falagard/ProgressBar' Look'N'Feel 'OgreTray/ProgressBar' and RenderEffect ''. (0x7ffffcd8c3d0)
08/02/2015 17:56:00 (Std) 	Creating falagard mapping for type 'OgreTray/Editbox' using base type 'CEGUI/Editbox', window renderer 'Falagard/Editbox' Look'N'Feel 'OgreTray/Editbox' and RenderEffect ''. (0x7ffffcd8c3d0)
08/02/2015 17:56:00 (Std) 	Creating falagard mapping for type 'OgreTray/MultiLineEditbox' using base type 'CEGUI/MultiLineEditbox', window renderer 'Falagard/MultiLineEditbox' Look'N'Feel 'OgreTray/MultiLineEditbox' and RenderEffect ''. (0x7ffffcd8c3d0)
08/02/2015 17:56:00 (Std) 	Creating falagard mapping for type 'OgreTray/Listbox' using base type 'CEGUI/Listbox', window renderer 'Falagard/Listbox' Look'N'Feel 'OgreTray/Listbox' and RenderEffect ''. (0x7ffffcd8c3d0)
08/02/2015 17:56:00 (Std) 	Creating falagard mapping for type 'OgreTray/ComboDropList' using base type 'CEGUI/ComboDropList', window renderer 'Falagard/Listbox' Look'N'Feel 'OgreTray/Listbox' and RenderEffect ''. (0x7ffffcd8c3d0)
08/02/2015 17:56:00 (Std) 	Creating falagard mapping for type 'OgreTray/Combobox' using base type 'CEGUI/Combobox', window renderer 'Falagard/Default' Look'N'Feel 'OgreTray/Combobox' and RenderEffect ''. (0x7ffffcd8c3d0)
08/02/2015 17:56:00 (Std) 	Creating falagard mapping for type 'OgreTray/DropDownMenu' using base type 'CEGUI/Combobox', window renderer 'Falagard/Default' Look'N'Feel 'OgreTray/DropDownMenu' and RenderEffect ''. (0x7ffffcd8c3d0)
08/02/2015 17:56:00 (Std) 	Creating falagard mapping for type 'OgreTray/Group' using base type 'DefaultWindow', window renderer 'Falagard/Default' Look'N'Feel 'OgreTray/Group' and RenderEffect ''. (0x7ffffcd8c3d0)
08/02/2015 17:56:00 (Std) 	Creating falagard mapping for type 'OgreTray/Checkbox' using base type 'CEGUI/Checkbox', window renderer 'Falagard/ToggleButton' Look'N'Feel 'OgreTray/Checkbox' and RenderEffect ''. (0x7ffffcd8c3d0)
08/02/2015 17:56:00 (Std) 	Creating falagard mapping for type 'OgreTray/RadioButton' using base type 'CEGUI/RadioButton', window renderer 'Falagard/ToggleButton' Look'N'Feel 'OgreTray/RadioButton' and RenderEffect ''. (0x7ffffcd8c3d0)
08/02/2015 17:56:00 (Std) 	Creating falagard mapping for type 'OgreTray/Slider' using base type 'CEGUI/Slider', window renderer 'Falagard/Slider' Look'N'Feel 'OgreTray/Slider' and RenderEffect ''. (0x7ffffcd8c3d0)
08/02/2015 17:56:00 (Std) 	Creating falagard mapping for type 'OgreTray/StaticImage' using base type 'DefaultWindow', window renderer 'Falagard/StaticImage' Look'N'Feel 'OgreTray/StaticImage' and RenderEffect ''. (0x7ffffcd8c3d0)
08/02/2015 17:56:00 (Std) 	Creating falagard mapping for type 'OgreTray/AltStaticImage' using base type 'DefaultWindow', window renderer 'Falagard/Default' Look'N'Feel 'OgreTray/AltStaticImage' and RenderEffect ''. (0x7ffffcd8c3d0)
08/02/2015 17:56:00 (Std) 	Creating falagard mapping for type 'OgreTray/Tooltip' using base type 'CEGUI/Tooltip', window renderer 'Falagard/Tooltip' Look'N'Feel 'OgreTray/Tooltip' and RenderEffect ''. (0x7ffffcd8c3d0)
08/02/2015 17:56:00 (Std) 	Creating falagard mapping for type 'OgreTray/ItemListbox' using base type 'CEGUI/ItemListbox', window renderer 'Falagard/ItemListbox' Look'N'Feel 'OgreTray/ItemListbox' and RenderEffect ''. (0x7ffffcd8c3d0)
08/02/2015 17:56:00 (Std) 	Creating falagard mapping for type 'OgreTray/ListboxItem' using base type 'CEGUI/ItemEntry', window renderer 'Falagard/ItemEntry' Look'N'Feel 'OgreTray/ListboxItem' and RenderEffect ''. (0x7ffffcd8c3d0)
08/02/2015 17:56:00 (Std) 	Creating falagard mapping for type 'OgreTray/Spinner' using base type 'CEGUI/Spinner', window renderer 'Falagard/Default' Look'N'Feel 'OgreTray/Spinner' and RenderEffect ''. (0x7ffffcd8c3d0)
08/02/2015 17:56:00 (Std) 	Creating falagard mapping for type 'OgreTray/ScrollablePane' using base type 'CEGUI/ScrollablePane', window renderer 'Falagard/ScrollablePane' Look'N'Feel 'OgreTray/ScrollablePane' and RenderEffect ''. (0x7ffffcd8c3d0)
08/02/2015 17:56:00 (Std) 	Creating falagard mapping for type 'OgreTray/ListHeaderSegment' using base type 'CEGUI/ListHeaderSegment', window renderer 'Falagard/ListHeaderSegment' Look'N'Feel 'OgreTray/ListHeaderSegment' and RenderEffect ''. (0x7ffffcd8c3d0)
08/02/2015 17:56:00 (Std) 	Creating falagard mapping for type 'OgreTray/ListHeader' using base type 'CEGUI/ListHeader', window renderer 'Falagard/ListHeader' Look'N'Feel 'OgreTray/ListHeader' and RenderEffect ''. (0x7ffffcd8c3d0)
08/02/2015 17:56:00 (Std) 	Creating falagard mapping for type 'OgreTray/MultiColumnList' using base type 'CEGUI/MultiColumnList', window renderer 'Falagard/MultiColumnList' Look'N'Feel 'OgreTray/MultiColumnList' and RenderEffect ''. (0x7ffffcd8c3d0)
08/02/2015 17:56:00 (Std) 	Creating falagard mapping for type 'OgreTray/MenuItem' using base type 'CEGUI/MenuItem', window renderer 'Falagard/MenuItem' Look'N'Feel 'OgreTray/MenuItem' and RenderEffect ''. (0x7ffffcd8c3d0)
08/02/2015 17:56:00 (Std) 	Creating falagard mapping for type 'OgreTray/Menubar' using base type 'CEGUI/Menubar', window renderer 'Falagard/Menubar' Look'N'Feel 'OgreTray/Menubar' and RenderEffect ''. (0x7ffffcd8c3d0)
08/02/2015 17:56:00 (Std) 	Creating falagard mapping for type 'OgreTray/PopupMenu' using base type 'CEGUI/PopupMenu', window renderer 'Falagard/PopupMenu' Look'N'Feel 'OgreTray/PopupMenu' and RenderEffect ''. (0x7ffffcd8c3d0)
08/02/2015 17:56:00 (Std) 	Creating falagard mapping for type 'OgreTray/TabButton' using base type 'CEGUI/TabButton', window renderer 'Falagard/TabButton' Look'N'Feel 'OgreTray/TabButton' and RenderEffect ''. (0x7ffffcd8c3d0)
08/02/2015 17:56:00 (Std) 	Creating falagard mapping for type 'OgreTray/TabButtonPane' using base type 'DefaultWindow', window renderer 'Falagard/Default' Look'N'Feel 'OgreTray/TabButtonPane' and RenderEffect ''. (0x7ffffcd8c3d0)
08/02/2015 17:56:00 (Std) 	Creating falagard mapping for type 'OgreTray/TabContentPane' using base type 'DefaultWindow', window renderer 'Falagard/Default' Look'N'Feel 'OgreTray/TabContentPane' and RenderEffect ''. (0x7ffffcd8c3d0)
08/02/2015 17:56:00 (Std) 	Creating falagard mapping for type 'OgreTray/TabControl' using base type 'CEGUI/TabControl', window renderer 'Falagard/TabControl' Look'N'Feel 'OgreTray/TabControl' and RenderEffect ''. (0x7ffffcd8c3d0)
08/02/2015 17:56:00 (Std) 	Creating falagard mapping for type 'OgreTray/BG' using base type 'DefaultWindow', window renderer 'Falagard/Default' Look'N'Feel 'OgreTray/BGTest' and RenderEffect ''. (0x7ffffcd8c3d0)
08/02/2015 17:56:00 (Std) 	Attempting to create Imageset 'DejaVuSans-10_auto_glyph_images_ ' with texture only.
